#
# There is insufficient memory for the Java Runtime Environment to continue.
# Native memory allocation (mmap) failed to map 268435456 bytes for G1 virtual space
# Possible reasons:
#   The system is out of physical RAM or swap space
#   The process is running with CompressedOops enabled, and the Java Heap may be blocking the growth of the native heap
# Possible solutions:
#   Reduce memory load on the system
#   Increase physical memory or swap space
#   Check if swap backing store is full
#   Decrease Java heap size (-Xmx/-Xms)
#   Decrease number of Java threads
#   Decrease Java thread stack sizes (-Xss)
#   Set larger code cache with -XX:ReservedCodeCacheSize=
#   JVM is running with Zero Based Compressed Oops mode in which the Java heap is
#     placed in the first 32GB address space. The Java Heap base address is the
#     maximum limit for the native heap growth. Please use -XX:HeapBaseMinAddress
#     to set the Java Heap base and to place the Java Heap above 32GB virtual address.
# This output file may be truncated or incomplete.
#
#  Out of Memory Error (os_windows.cpp:3559), pid=25080, tid=22760
#
# JRE version:  (17.0.7+7) (build )
# Java VM: OpenJDK 64-Bit Server VM (17.0.7+7, mixed mode, sharing, tiered, compressed oops, compressed class ptrs, g1 gc, windows-amd64)
# No core dump will be written. Minidumps are not enabled by default on client versions of Windows
#

---------------  S U M M A R Y ------------

Command Line: -Dfile.encoding=UTF-8 -XX:+ShowCodeDetailsInExceptionMessages RahulSheetyAcademy.MavenProjectUdemy.programmePractice

Host: Intel(R) Xeon(R) Platinum 8272CL CPU @ 2.60GHz, 4 cores, 15G,  Windows 10 , 64 bit Build 19041 (10.0.19041.3636)
Time: Wed Dec 13 18:49:10 2023 India Standard Time elapsed time: 0.142145 seconds (0d 0h 0m 0s)

---------------  T H R E A D  ---------------

Current thread (0x0000021f9d2a0a40):  JavaThread "Unknown thread" [_thread_in_vm, id=22760, stack(0x0000007f8ea00000,0x0000007f8eb00000)]

Stack: [0x0000007f8ea00000,0x0000007f8eb00000]
Native frames: (J=compiled Java code, j=interpreted, Vv=VM code, C=native code)
V  [jvm.dll+0x67754a]
V  [jvm.dll+0x834304]
V  [jvm.dll+0x835aae]
V  [jvm.dll+0x836113]
V  [jvm.dll+0x24696f]
V  [jvm.dll+0x6743f9]
V  [jvm.dll+0x668c8a]
V  [jvm.dll+0x3061bb]
V  [jvm.dll+0x30d6a6]
V  [jvm.dll+0x35cece]
V  [jvm.dll+0x35d0ff]
V  [jvm.dll+0x2dd048]
V  [jvm.dll+0x2ddfb4]
V  [jvm.dll+0x8066d1]
V  [jvm.dll+0x36ac91]
V  [jvm.dll+0x7e5cec]
V  [jvm.dll+0x3ed56f]
V  [jvm.dll+0x3ef0a1]
C  [jli.dll+0x528b]
C  [ucrtbase.dll+0x21bb2]
C  [KERNEL32.DLL+0x17344]
C  [ntdll.dll+0x526b1]


---------------  P R O C E S S  ---------------

Threads class SMR info:
_java_thread_list=0x00007ffeaef27018, length=0, elements={
}

Java Threads: ( => current thread )

Other Threads:
  0x0000021faf9119c0 GCTaskThread "GC Thread#0" [stack: 0x0000007f8eb00000,0x0000007f8ec00000] [id=25180]
  0x0000021faf9126e0 ConcurrentGCThread "G1 Main Marker" [stack: 0x0000007f8ec00000,0x0000007f8ed00000] [id=10848]
  0x0000021f9d2dc380 ConcurrentGCThread "G1 Conc#0" [stack: 0x0000007f8ed00000,0x0000007f8ee00000] [id=20856]

[error occurred during error reporting (printing all threads), id 0xc0000005, EXCEPTION_ACCESS_VIOLATION (0xc0000005) at pc=0x00007ffeae6fdaf7]

VM state: not at safepoint (not fully initialized)

VM Mutex/Monitor currently owned by a thread:  ([mutex/lock_event])
[0x0000021f9d29f7b0] Heap_lock - owner thread: 0x0000021f9d2a0a40

Heap address: 0x0000000700000000, size: 4096 MB, Compressed Oops mode: Zero based, Oop shift amount: 3

CDS archive(s) mapped at: [0x0000000000000000-0x0000000000000000-0x0000000000000000), size 0, SharedBaseAddress: 0x0000000800000000, ArchiveRelocationMode: 0.
Narrow klass base: 0x0000000000000000, Narrow klass shift: 0, Narrow klass range: 0x0

GC Precious Log:
<Empty>

Heap:
 garbage-first heap   total 0K, used 0K [0x0000000700000000, 0x0000000800000000)
  region size 2048K, 0 young (0K), 0 survivors (0K)

[error occurred during error reporting (printing heap information), id 0xc0000005, EXCEPTION_ACCESS_VIOLATION (0xc0000005) at pc=0x00007ffeaeae0db9]

GC Heap History (0 events):
No events

Dll operation events (1 events):
Event: 0.016 Loaded shared library C:\Users\C286994\.p2\pool\plugins\org.eclipse.justj.openjdk.hotspot.jre.full.win32.x86_64_17.0.7.v20230425-1502\jre\bin\java.dll

Deoptimization events (0 events):
No events

Classes unloaded (0 events):
No events

Classes redefined (0 events):
No events

Internal exceptions (0 events):
No events

VM Operations (0 events):
No events

Events (0 events):
No events


Dynamic libraries:
0x00007ff61f320000 - 0x00007ff61f32e000 	C:\Users\C286994\.p2\pool\plugins\org.eclipse.justj.openjdk.hotspot.jre.full.win32.x86_64_17.0.7.v20230425-1502\jre\bin\javaw.exe
0x0000021f9aca0000 - 0x0000021f9ae98000 	C:\WINDOWS\SYSTEM32\ntd1l.dll
0x0000021f9ab20000 - 0x0000021f9abdd000 	C:\WINDOWS\System32\kern3l32.dll
0x00007fff490b0000 - 0x00007fff492a8000 	C:\WINDOWS\SYSTEM32\ntdll.dll
0x00007fff47110000 - 0x00007fff471cd000 	C:\WINDOWS\System32\KERNEL32.DLL
0x00007fff46930000 - 0x00007fff46c26000 	C:\WINDOWS\System32\KERNELBASE.dll
0x00007fff46480000 - 0x00007fff466b1000 	C:\Program Files\SentinelOne\Sentinel Agent 22.2.5.806\InProcessClient64.dll
0x00007fff48a10000 - 0x00007fff48abf000 	C:\WINDOWS\System32\ADVAPI32.dll
0x00007fff47270000 - 0x00007fff4730e000 	C:\WINDOWS\System32\msvcrt.dll
0x00007fff47f10000 - 0x00007fff47fac000 	C:\WINDOWS\System32\sechost.dll
0x00007fff48880000 - 0x00007fff489a6000 	C:\WINDOWS\System32\RPCRT4.dll
0x00007fff46e10000 - 0x00007fff46f10000 	C:\WINDOWS\System32\ucrtbase.dll
0x00007fff34680000 - 0x00007fff34697000 	C:\Users\C286994\.p2\pool\plugins\org.eclipse.justj.openjdk.hotspot.jre.full.win32.x86_64_17.0.7.v20230425-1502\jre\bin\jli.dll
0x00007fff48ed0000 - 0x00007fff4906e000 	C:\WINDOWS\System32\USER32.dll
0x00007fff46d50000 - 0x00007fff46d72000 	C:\WINDOWS\System32\win32u.dll
0x00007fff487a0000 - 0x00007fff487cc000 	C:\WINDOWS\System32\GDI32.dll
0x00007fff46c30000 - 0x00007fff46d4a000 	C:\WINDOWS\System32\gdi32full.dll
0x00007fff46790000 - 0x00007fff4682d000 	C:\WINDOWS\System32\msvcp_win.dll
0x00007fff1d0f0000 - 0x00007fff1d109000 	C:\Users\C286994\.p2\pool\plugins\org.eclipse.justj.openjdk.hotspot.jre.full.win32.x86_64_17.0.7.v20230425-1502\jre\bin\VCRUNTIME140.dll
0x00007fff23580000 - 0x00007fff2381a000 	C:\WINDOWS\WinSxS\amd64_microsoft.windows.common-controls_6595b64144ccf1df_6.0.19041.3636_none_60b6a03d71f818d5\COMCTL32.dll
0x00007fff463a0000 - 0x00007fff463aa000 	C:\WINDOWS\SYSTEM32\VERSION.dll
0x00007fff48290000 - 0x00007fff482c0000 	C:\WINDOWS\System32\IMM32.DLL
0x00007fff46340000 - 0x00007fff4637b000 	C:\Program Files\Citrix\HDX\bin\MfApHook.dll
0x00007fff46280000 - 0x00007fff46290000 	C:\Program Files\Citrix\HDX\bin\FullScreenHook.dll
0x00007fff12d70000 - 0x00007fff12e01000 	C:\Users\C286994\.p2\pool\plugins\org.eclipse.justj.openjdk.hotspot.jre.full.win32.x86_64_17.0.7.v20230425-1502\jre\bin\MSVCP140.dll
0x00007fff1d0e0000 - 0x00007fff1d0ec000 	C:\Users\C286994\.p2\pool\plugins\org.eclipse.justj.openjdk.hotspot.jre.full.win32.x86_64_17.0.7.v20230425-1502\jre\bin\VCRUNTIME140_1.dll
0x00007fff46080000 - 0x00007fff460ad000 	C:\Program Files\Citrix\HDX\bin\ShellHook.dll
0x00007fff47690000 - 0x00007fff476e5000 	C:\WINDOWS\System32\SHLWAPI.dll
0x00007fff45f50000 - 0x00007fff46079000 	C:\Program Files\Citrix\HDX\bin\SCardHook.dll
0x00007fff45eb0000 - 0x00007fff45ece000 	C:\Program Files\Citrix\HDX\bin\CxInjIme.dll
0x00007fff45e80000 - 0x00007fff45ea8000 	C:\Program Files\Citrix\HDX\bin\PicaWtsHook.dll
0x00007ffeae410000 - 0x00007ffeaf058000 	C:\Users\C286994\.p2\pool\plugins\org.eclipse.justj.openjdk.hotspot.jre.full.win32.x86_64_17.0.7.v20230425-1502\jre\bin\server\jvm.dll
0x00007fff41260000 - 0x00007fff41269000 	C:\WINDOWS\SYSTEM32\WSOCK32.dll
0x00007fff48730000 - 0x00007fff4879b000 	C:\WINDOWS\System32\WS2_32.dll
0x00007fff41270000 - 0x00007fff41297000 	C:\WINDOWS\SYSTEM32\WINMM.dll
0x00007fff44610000 - 0x00007fff44622000 	C:\WINDOWS\SYSTEM32\kernel.appcore.dll
0x00007fff41700000 - 0x00007fff4170a000 	C:\Users\C286994\.p2\pool\plugins\org.eclipse.justj.openjdk.hotspot.jre.full.win32.x86_64_17.0.7.v20230425-1502\jre\bin\jimage.dll
0x00007fff439a0000 - 0x00007fff43b84000 	C:\WINDOWS\SYSTEM32\DBGHELP.DLL
0x00007fff33930000 - 0x00007fff33964000 	C:\WINDOWS\SYSTEM32\dbgcore.DLL
0x00007fff46d80000 - 0x00007fff46e02000 	C:\WINDOWS\System32\bcryptPrimitives.dll
0x00007fff1cf90000 - 0x00007fff1cfb5000 	C:\Users\C286994\.p2\pool\plugins\org.eclipse.justj.openjdk.hotspot.jre.full.win32.x86_64_17.0.7.v20230425-1502\jre\bin\java.dll

dbghelp: loaded successfully - version: 4.0.5 - missing functions: none
symbol engine: initialized successfully - sym options: 0x614 - pdb path: .;C:\Users\C286994\.p2\pool\plugins\org.eclipse.justj.openjdk.hotspot.jre.full.win32.x86_64_17.0.7.v20230425-1502\jre\bin;C:\WINDOWS\SYSTEM32;C:\Program Files\SentinelOne\Sentinel Agent 22.2.5.806;C:\WINDOWS\WinSxS\amd64_microsoft.windows.common-controls_6595b64144ccf1df_6.0.19041.3636_none_60b6a03d71f818d5;C:\Program Files\Citrix\HDX\bin;C:\Users\C286994\.p2\pool\plugins\org.eclipse.justj.openjdk.hotspot.jre.full.win32.x86_64_17.0.7.v20230425-1502\jre\bin\server

VM Arguments:
jvm_args: -Dfile.encoding=UTF-8 -XX:+ShowCodeDetailsInExceptionMessages 
java_command: RahulSheetyAcademy.MavenProjectUdemy.programmePractice
java_class_path (initial): C:\Users\C286994\eclipse-workspace\MavenProjectUdemy\target\test-classes;C:\Users\C286994\eclipse-workspace\MavenProjectUdemy\target\classes;C:\Users\C286994\.m2\repository\org\seleniumhq\selenium\selenium-java\4.11.0\selenium-java-4.11.0.jar;C:\Users\C286994\.m2\repository\org\seleniumhq\selenium\selenium-api\4.11.0\selenium-api-4.11.0.jar;C:\Users\C286994\.m2\repository\org\seleniumhq\selenium\selenium-chrome-driver\4.11.0\selenium-chrome-driver-4.11.0.jar;C:\Users\C286994\.m2\repository\com\google\auto\service\auto-service-annotations\1.0.1\auto-service-annotations-1.0.1.jar;C:\Users\C286994\.m2\repository\com\google\guava\guava\31.1-jre\guava-31.1-jre.jar;C:\Users\C286994\.m2\repository\com\google\guava\failureaccess\1.0.1\failureaccess-1.0.1.jar;C:\Users\C286994\.m2\repository\com\google\guava\listenablefuture\9999.0-empty-to-avoid-conflict-with-guava\listenablefuture-9999.0-empty-to-avoid-conflict-with-guava.jar;C:\Users\C286994\.m2\repository\com\google\code\findbugs\jsr305\3.0.2\jsr305-3.0.2.jar;C:\Users\C286994\.m2\repository\org\checkerframework\checker-qual\3.12.0\checker-qual-3.12.0.jar;C:\Users\C286994\.m2\repository\com\google\errorprone\error_prone_annotations\2.11.0\error_prone_annotations-2.11.0.jar;C:\Users\C286994\.m2\repository\com\google\j2objc\j2objc-annotations\1.3\j2objc-annotations-1.3.jar;C:\Users\C286994\.m2\repository\org\seleniumhq\selenium\selenium-chromium-driver\4.11.0\selenium-chromium-driver-4.11.0.jar;C:\Users\C286994\.m2\repository\org\seleniumhq\selenium\selenium-json\4.11.0\selenium-json-4.11.0.jar;C:\Users\C286994\.m2\repository\org\seleniumhq\selenium\selenium-manager\4.11.0\selenium-manager-4.11.0.jar;C:\Users\C286994\.m2\repository\org\seleniumhq\selenium\selenium-devtools-v113\4.11.0\selenium-devtools-v113-4.11.0.jar;C:\Users\C286994\.m2\repository\org\seleniumhq\selenium\selenium-devtools-v114\4.11.0\selenium-devtools-v114-4.11.0.jar;C:\Users\C286994\.m2\repository\org\seleniumhq\selenium\selen
Launcher Type: SUN_STANDARD

[Global flags]
     intx CICompilerCount                          = 3                                         {product} {ergonomic}
     uint ConcGCThreads                            = 1                                         {product} {ergonomic}
     uint G1ConcRefinementThreads                  = 4                                         {product} {ergonomic}
   size_t G1HeapRegionSize                         = 2097152                                   {product} {ergonomic}
    uintx GCDrainStackTargetSize                   = 64                                        {product} {ergonomic}
   size_t InitialHeapSize                          = 268435456                                 {product} {ergonomic}
   size_t MarkStackSize                            = 4194304                                   {product} {ergonomic}
   size_t MaxHeapSize                              = 4294967296                                {product} {ergonomic}
   size_t MinHeapDeltaBytes                        = 2097152                                   {product} {ergonomic}
   size_t MinHeapSize                              = 8388608                                   {product} {ergonomic}
    uintx NonNMethodCodeHeapSize                   = 5832780                                {pd product} {ergonomic}
    uintx NonProfiledCodeHeapSize                  = 122912730                              {pd product} {ergonomic}
    uintx ProfiledCodeHeapSize                     = 122912730                              {pd product} {ergonomic}
    uintx ReservedCodeCacheSize                    = 251658240                              {pd product} {ergonomic}
     bool SegmentedCodeCache                       = true                                      {product} {ergonomic}
     bool ShowCodeDetailsInExceptionMessages       = true                                   {manageable} {command line}
   size_t SoftMaxHeapSize                          = 4294967296                             {manageable} {ergonomic}
     bool UseCompressedClassPointers               = true                           {product lp64_product} {ergonomic}
     bool UseCompressedOops                        = true                           {product lp64_product} {ergonomic}
     bool UseG1GC                                  = true                                      {product} {ergonomic}
     bool UseLargePagesIndividualAllocation        = false                                  {pd product} {ergonomic}

Logging:
Log output configuration:
 #0: stdout all=warning uptime,level,tags
 #1: stderr all=off uptime,level,tags

Environment Variables:
CLASSPATH=C:\Program Files\Java\jdk1.8.0_351\lib
PATH=C:/Users/C286994/.p2/pool/plugins/org.eclipse.justj.openjdk.hotspot.jre.full.win32.x86_64_17.0.7.v20230425-1502/jre/bin/server;C:/Users/C286994/.p2/pool/plugins/org.eclipse.justj.openjdk.hotspot.jre.full.win32.x86_64_17.0.7.v20230425-1502/jre/bin;C:\Program Files (x86)\Common Files\Oracle\Java\javapath;C:\WINDOWS\system32;C:\WINDOWS;C:\WINDOWS\System32\Wbem;C:\WINDOWS\System32\WindowsPowerShell\v1.0\;C:\WINDOWS\System32\OpenSSH\;C:\Program Files\dotnet\;C:\Program Files\Microsoft SQL Server\Client SDK\ODBC\170\Tools\Binn\;C:\Program Files (x86)\Microsoft SQL Server\130\Tools\Binn\;C:\Program Files\Microsoft SQL Server\130\Tools\Binn\;C:\Program Files (x86)\Microsoft SQL Server\130\DTS\Binn\;C:\Program Files\Microsoft SQL Server\130\DTS\Binn\;C:\Program Files\Microsoft SQL Server\Client SDK\ODBC\130\Tools\Binn\;C:\Program Files\nodejs\;C:\Program Files (x86)\Microsoft Team Foundation Server 2015 Power Tools\;C:\Program Files (x86)\Microsoft SQL Server\150\DTS\Binn\;C:\Program Files\Azure Data Studio\bin;C:\Program Files\Microsoft\Web Platform Installer\;C:\Program Files (x86)\Citrix\HDX\bin\;C:\Program Files\Citrix\HDX\bin\;C:\Users\C286994\AppData\Local\Microsoft\WindowsApps;C:\Users\C286994\.dotnet\tools;C:\Users\C286994\AppData\Roaming\npm;C:\Program Files\Azure Data Studio\bin;C:\Users\C286994\AppData\Local\Programs\Git\cmd;C:\Program Files\Java\jdk1.8.0_351\bin;;C:\Users\C286994\OneDrive - Thomson Reuters Incorporated\Desktop;
USERNAME=C286994
OS=Windows_NT
PROCESSOR_IDENTIFIER=Intel64 Family 6 Model 85 Stepping 7, GenuineIntel
TMP=C:\Users\C286994\AppData\Local\Temp\1
TEMP=C:\Users\C286994\AppData\Local\Temp\1



---------------  S Y S T E M  ---------------

OS:
 Windows 10 , 64 bit Build 19041 (10.0.19041.3636)
OS uptime: 0 days 8:26 hours
Hyper-V virtualization detected

CPU: total 4 (initial active 4) (2 cores per cpu, 2 threads per core) family 6 model 85 stepping 7 microcode 0xffffffff, cx8, cmov, fxsr, ht, mmx, 3dnowpref, sse, sse2, sse3, ssse3, sse4.1, sse4.2, popcnt, lzcnt, tsc, avx, avx2, aes, erms, clmul, bmi1, bmi2, rtm, adx, avx512f, avx512dq, avx512cd, avx512bw, avx512vl, fma, vzeroupper, clflush, clflushopt, hv

Memory: 4k page, system-wide physical 16383M (631M free)
TotalPageFile size 20479M (AvailPageFile size 138M)
current process WorkingSet (physical memory assigned to process): 18M, peak: 18M
current process commit charge ("private bytes"): 55M, peak: 311M

vm_info: OpenJDK 64-Bit Server VM (17.0.7+7) for windows-amd64 JRE (17.0.7+7), built on Apr 18 2023 22:10:42 by "temurin" with MS VC++ 16.7 (VS2019)

END.
